<?xml version="1.0" encoding="UTF-8"?>
<testsuite name="moneyTest" tests="2" skipped="0" failures="0" errors="0" timestamp="2022-12-07T01:55:24" hostname="sungdaeui-MacBookPro.local" time="0.03">
  <properties/>
  <testcase name="testMultiplication3()" classname="moneyTest" time="0.028"/>
  <testcase name="testEquality()" classname="moneyTest" time="0.001"/>
  <system-out><![CDATA[]]></system-out>
  <system-err><![CDATA[]]></system-err>
</testsuite>
