<?xml version="1.0" encoding="UTF-8"?>
<testsuite name="moneyTest" tests="1" skipped="0" failures="0" errors="0" timestamp="2022-12-09T04:05:11" hostname="sungdaeui-MacBookPro.local" time="0.017">
  <properties/>
  <testcase name="testCurrency()" classname="moneyTest" time="0.017"/>
  <system-out><![CDATA[]]></system-out>
  <system-err><![CDATA[]]></system-err>
</testsuite>
