<?xml version="1.0" encoding="UTF-8"?>
<testsuite name="moneyTest" tests="1" skipped="0" failures="0" errors="0" timestamp="2022-12-09T01:49:13" hostname="sungdaeui-MacBookPro.local" time="0.019">
  <properties/>
  <testcase name="testEquality()" classname="moneyTest" time="0.019"/>
  <system-out><![CDATA[]]></system-out>
  <system-err><![CDATA[]]></system-err>
</testsuite>
