<?xml version="1.0" encoding="UTF-8"?>
<testsuite name="moneyTest" tests="1" skipped="0" failures="0" errors="0" timestamp="2022-12-10T01:42:26" hostname="sungdaeui-MacBookPro.local" time="0.021">
  <properties/>
  <testcase name="testMixedAddition()" classname="moneyTest" time="0.021"/>
  <system-out><![CDATA[]]></system-out>
  <system-err><![CDATA[]]></system-err>
</testsuite>
