<?xml version="1.0" encoding="UTF-8"?>
<testsuite name="test" tests="1" skipped="0" failures="0" errors="0" timestamp="2022-12-13T00:09:23" hostname="sungdaeui-MacBookPro.local" time="0.027">
  <properties/>
  <testcase name="methodTest()" classname="test" time="0.027"/>
  <system-out><![CDATA[]]></system-out>
  <system-err><![CDATA[]]></system-err>
</testsuite>
