<?xml version="1.0" encoding="UTF-8"?>
<testsuite name="moneyTest" tests="1" skipped="0" failures="0" errors="0" timestamp="2022-12-07T01:50:01" hostname="sungdaeui-MacBookPro.local" time="0.015">
  <properties/>
  <testcase name="testMultiplication3()" classname="moneyTest" time="0.015"/>
  <system-out><![CDATA[]]></system-out>
  <system-err><![CDATA[]]></system-err>
</testsuite>
